\BOOKMARK [1][-]{section.1}{Introduction}{}% 1
\BOOKMARK [1][-]{section.2}{Aberration Measurement and Correction}{}% 2
\BOOKMARK [2][-]{subsection.2.1}{Wavefront Sensing}{section.2}% 3
\BOOKMARK [3][-]{subsubsection.2.1.1}{Interferometry}{subsection.2.1}% 4
\BOOKMARK [3][-]{subsubsection.2.1.2}{Shack-Hartman Wavefront Sensor}{subsection.2.1}% 5
\BOOKMARK [3][-]{subsubsection.2.1.3}{Indirect Wavefront Sensing}{subsection.2.1}% 6
\BOOKMARK [2][-]{subsection.2.2}{Aberration Correction}{section.2}% 7
\BOOKMARK [2][-]{subsection.2.3}{Deformable Mirror}{section.2}% 8
\BOOKMARK [3][-]{subsubsection.2.3.1}{Liquid Crystal Spatial Light Modulators}{subsection.2.3}% 9
\BOOKMARK [2][-]{subsection.2.4}{Control Strategies}{section.2}% 10
\BOOKMARK [1][-]{section.3}{Adaptive Optics Methods applied in Microscopy}{}% 11
\BOOKMARK [2][-]{subsection.3.1}{Widefield Microscopy}{section.3}% 12
\BOOKMARK [3][-]{subsubsection.3.1.1}{Transmission Microscope}{subsection.3.1}% 13
\BOOKMARK [3][-]{subsubsection.3.1.2}{Structured Illumination Microscopy}{subsection.3.1}% 14
\BOOKMARK [3][-]{subsubsection.3.1.3}{Fluorescence Microscopy}{subsection.3.1}% 15
\BOOKMARK [2][-]{subsection.3.2}{Point Scanning Microscopes}{section.3}% 16
\BOOKMARK [3][-]{subsubsection.3.2.1}{Confocal Microscopes}{subsection.3.2}% 17
\BOOKMARK [3][-]{subsubsection.3.2.2}{Two-Photon Fluorescence Microscopy}{subsection.3.2}% 18
\BOOKMARK [3][-]{subsubsection.3.2.3}{Harmonic Generation}{subsection.3.2}% 19
\BOOKMARK [3][-]{subsubsection.3.2.4}{CARS}{subsection.3.2}% 20
\BOOKMARK [1][-]{section.4}{Future Prospects}{}% 21
\BOOKMARK [1][-]{section.5}{Conclusion}{}% 22
\BOOKMARK [1][-]{section*.8}{References}{}% 23
